TN:
SF:knexfile.js
FNF:0
FNH:0
DA:1,1
DA:2,1
DA:3,1
DA:4,1
DA:5,1
DA:6,1
DA:7,1
DA:8,1
DA:9,1
DA:10,1
DA:11,1
DA:12,1
DA:13,1
DA:14,1
DA:15,1
DA:16,1
DA:17,1
DA:18,1
DA:19,1
DA:20,1
DA:21,1
DA:22,1
DA:23,1
DA:24,1
DA:25,1
DA:26,1
DA:27,1
DA:28,1
DA:29,1
DA:30,1
DA:31,1
DA:32,1
DA:33,1
DA:34,1
DA:35,1
DA:36,1
LF:36
LH:36
BRF:0
BRH:0
end_of_record
TN:
SF:server/plugin.js
FN:35,setErrorHandler
FN:49,setUpViews
FN:58,assetPath
FN:63,render
FN:68,setUpStaticAssets
FN:76,setupLocalization
FN:89,addHooks
FN:92,isAuthenticated
FN:97,registerPlugins
FN:138,default
FNF:10
FNH:10
FNDA:7,setErrorHandler
FNDA:7,setUpViews
FNDA:26,assetPath
FNDA:12,render
FNDA:7,setUpStaticAssets
FNDA:7,setupLocalization
FNDA:7,addHooks
FNDA:12,isAuthenticated
FNDA:7,registerPlugins
FNDA:7,default
DA:1,1
DA:2,1
DA:3,1
DA:4,1
DA:5,1
DA:6,1
DA:7,1
DA:8,1
DA:9,1
DA:10,1
DA:11,1
DA:12,1
DA:13,1
DA:14,1
DA:15,1
DA:16,1
DA:17,1
DA:18,1
DA:19,1
DA:20,1
DA:21,1
DA:22,1
DA:23,1
DA:24,1
DA:25,1
DA:26,1
DA:27,1
DA:28,1
DA:29,1
DA:30,1
DA:31,1
DA:32,1
DA:33,1
DA:34,1
DA:35,1
DA:36,7
DA:37,7
DA:38,7
DA:39,7
DA:40,7
DA:41,7
DA:42,7
DA:43,0
DA:44,0
DA:45,7
DA:46,7
DA:47,7
DA:48,1
DA:49,1
DA:50,7
DA:51,7
DA:52,7
DA:53,7
DA:54,7
DA:55,7
DA:56,7
DA:57,7
DA:58,7
DA:59,7
DA:60,7
DA:61,7
DA:62,7
DA:63,7
DA:64,12
DA:65,12
DA:66,7
DA:67,1
DA:68,1
DA:69,7
DA:70,7
DA:71,7
DA:72,7
DA:73,7
DA:74,7
DA:75,1
DA:76,1
DA:77,7
DA:78,7
DA:79,7
DA:80,7
DA:81,7
DA:82,7
DA:83,7
DA:84,7
DA:85,7
DA:86,7
DA:87,7
DA:88,1
DA:89,1
DA:90,7
DA:91,46
DA:92,46
DA:93,46
DA:94,46
DA:95,7
DA:96,1
DA:97,1
DA:98,7
DA:99,7
DA:100,7
DA:101,7
DA:102,7
DA:103,7
DA:104,7
DA:105,7
DA:106,7
DA:107,7
DA:108,7
DA:109,7
DA:110,7
DA:111,7
DA:112,7
DA:113,7
DA:114,7
DA:115,7
DA:116,7
DA:117,7
DA:118,7
DA:119,7
DA:120,7
DA:121,7
DA:122,7
DA:123,7
DA:124,7
DA:125,7
DA:126,7
DA:127,7
DA:128,7
DA:129,7
DA:130,7
DA:131,7
DA:132,1
DA:133,1
DA:134,1
DA:135,1
DA:136,1
DA:137,1
DA:138,1
DA:139,7
DA:140,7
DA:141,7
DA:142,7
DA:143,7
DA:144,7
DA:145,7
DA:146,7
DA:147,7
DA:148,7
DA:149,7
LF:149
LH:147
BRDA:32,0,0,0
BRDA:35,1,0,7
BRDA:49,2,0,7
BRDA:58,3,0,26
BRDA:63,4,0,12
BRDA:68,5,0,7
BRDA:76,6,0,7
BRDA:89,7,0,7
BRDA:90,8,0,46
BRDA:92,9,0,12
BRDA:97,10,0,7
BRDA:110,11,0,20
BRDA:112,12,0,20
BRDA:117,13,0,18
BRDA:138,14,0,7
BRF:15
BRH:14
end_of_record
TN:
SF:server/helpers/index.js
FN:7,route
FN:10,t
FN:14,getAlertClass
FN:28,formatDate
FNF:4
FNH:4
FNDA:69,route
FNDA:166,t
FNDA:8,getAlertClass
FNDA:11,formatDate
DA:1,1
DA:2,1
DA:3,1
DA:4,1
DA:5,1
DA:6,1
DA:7,1
DA:8,69
DA:9,69
DA:10,1
DA:11,166
DA:12,166
DA:13,1
DA:14,1
DA:15,8
DA:16,8
DA:17,8
DA:18,8
DA:19,8
DA:20,8
DA:21,8
DA:22,8
DA:23,8
DA:24,8
DA:25,8
DA:26,8
DA:27,8
DA:28,1
DA:29,11
DA:30,11
DA:31,11
DA:32,1
LF:32
LH:32
BRDA:7,0,0,69
BRDA:10,1,0,166
BRDA:14,2,0,8
BRDA:18,3,0,0
BRDA:22,4,0,0
BRDA:24,5,0,0
BRDA:28,6,0,11
BRF:7
BRH:4
end_of_record
TN:
SF:server/lib/secure.cjs
FN:1,Object.<anonymous>
FN:8,Object.<anonymous>.module.exports
FNF:2
FNH:2
FNDA:7,Object.<anonymous>
FNDA:42,Object.<anonymous>.module.exports
DA:1,7
DA:2,7
DA:3,7
DA:4,7
DA:5,7
DA:6,7
DA:7,7
DA:8,7
DA:9,42
DA:10,7
LF:10
LH:10
BRDA:1,0,0,7
BRDA:1,1,0,7
BRDA:8,2,0,42
BRF:3
BRH:3
end_of_record
TN:
SF:server/lib/passportStrategies/FormStrategy.js
FN:7,FormStrategy
FN:12,authenticate
FNF:2
FNH:2
FNDA:7,FormStrategy
FNDA:38,authenticate
DA:1,1
DA:2,1
DA:3,1
DA:4,1
DA:5,1
DA:6,1
DA:7,1
DA:8,7
DA:9,7
DA:10,7
DA:11,1
DA:12,1
DA:13,38
DA:14,18
DA:15,18
DA:16,20
DA:17,20
DA:18,20
DA:19,20
DA:20,20
DA:21,38
DA:22,20
DA:23,20
DA:24,0
DA:25,0
DA:26,0
DA:27,1
LF:27
LH:24
BRDA:7,0,0,7
BRDA:12,1,0,38
BRDA:13,2,0,24
BRDA:13,3,0,18
BRDA:16,4,0,20
BRDA:21,5,0,20
BRDA:24,6,0,0
BRF:7
BRH:6
end_of_record
TN:
SF:server/locales/en.js
FNF:0
FNH:0
DA:1,1
DA:2,1
DA:3,1
DA:4,1
DA:5,1
DA:6,1
DA:7,1
DA:8,1
DA:9,1
DA:10,1
DA:11,1
DA:12,1
DA:13,1
DA:14,1
DA:15,1
DA:16,1
DA:17,1
DA:18,1
DA:19,1
DA:20,1
DA:21,1
DA:22,1
DA:23,1
DA:24,1
DA:25,1
DA:26,1
DA:27,1
DA:28,1
DA:29,1
DA:30,1
DA:31,1
DA:32,1
DA:33,1
DA:34,1
DA:35,1
DA:36,1
DA:37,1
DA:38,1
DA:39,1
DA:40,1
DA:41,1
DA:42,1
DA:43,1
DA:44,1
DA:45,1
DA:46,1
DA:47,1
DA:48,1
DA:49,1
DA:50,1
DA:51,1
DA:52,1
DA:53,1
DA:54,1
DA:55,1
DA:56,1
DA:57,1
DA:58,1
DA:59,1
DA:60,1
DA:61,1
DA:62,1
DA:63,1
DA:64,1
DA:65,1
DA:66,1
DA:67,1
DA:68,1
DA:69,1
DA:70,1
DA:71,1
DA:72,1
DA:73,1
DA:74,1
DA:75,1
DA:76,1
DA:77,1
DA:78,1
DA:79,1
DA:80,1
DA:81,1
DA:82,1
DA:83,1
DA:84,1
DA:85,1
DA:86,1
DA:87,1
DA:88,1
DA:89,1
DA:90,1
DA:91,1
DA:92,1
DA:93,1
DA:94,1
DA:95,1
DA:96,1
DA:97,1
DA:98,1
DA:99,1
DA:100,1
DA:101,1
DA:102,1
DA:103,1
DA:104,1
DA:105,1
DA:106,1
DA:107,1
DA:108,1
DA:109,1
DA:110,1
DA:111,1
DA:112,1
DA:113,1
DA:114,1
DA:115,1
DA:116,1
DA:117,1
DA:118,1
DA:119,1
DA:120,1
DA:121,1
DA:122,1
DA:123,1
DA:124,1
DA:125,1
DA:126,1
DA:127,1
DA:128,1
DA:129,1
DA:130,1
DA:131,1
DA:132,1
DA:133,1
DA:134,1
DA:135,1
DA:136,1
DA:137,1
DA:138,1
DA:139,1
DA:140,1
DA:141,1
DA:142,1
DA:143,1
DA:144,1
DA:145,1
DA:146,1
DA:147,1
DA:148,1
DA:149,1
DA:150,1
DA:151,1
DA:152,1
DA:153,1
DA:154,1
DA:155,1
DA:156,1
DA:157,1
DA:158,1
DA:159,1
DA:160,1
DA:161,1
DA:162,1
DA:163,1
DA:164,1
DA:165,1
DA:166,1
DA:167,1
DA:168,1
DA:169,1
DA:170,1
DA:171,1
DA:172,1
DA:173,1
DA:174,1
DA:175,1
DA:176,1
DA:177,1
DA:178,1
DA:179,1
DA:180,1
DA:181,1
DA:182,1
DA:183,1
DA:184,1
DA:185,1
DA:186,1
DA:187,1
DA:188,1
DA:189,1
DA:190,1
DA:191,1
DA:192,1
DA:193,1
DA:194,1
DA:195,1
DA:196,1
LF:196
LH:196
BRF:0
BRH:0
end_of_record
TN:
SF:server/locales/ru.js
FNF:0
FNH:0
DA:1,1
DA:2,1
DA:3,1
DA:4,1
DA:5,1
DA:6,1
DA:7,1
DA:8,1
DA:9,1
DA:10,1
DA:11,1
DA:12,1
DA:13,1
DA:14,1
DA:15,1
DA:16,1
DA:17,1
DA:18,1
DA:19,1
DA:20,1
DA:21,1
DA:22,1
DA:23,1
DA:24,1
DA:25,1
DA:26,1
DA:27,1
DA:28,1
DA:29,1
DA:30,1
DA:31,1
DA:32,1
DA:33,1
DA:34,1
DA:35,1
DA:36,1
DA:37,1
DA:38,1
DA:39,1
DA:40,1
DA:41,1
DA:42,1
DA:43,1
DA:44,1
DA:45,1
DA:46,1
DA:47,1
DA:48,1
DA:49,1
DA:50,1
DA:51,1
DA:52,1
DA:53,1
DA:54,1
DA:55,1
DA:56,1
DA:57,1
DA:58,1
DA:59,1
DA:60,1
DA:61,1
DA:62,1
DA:63,1
DA:64,1
DA:65,1
DA:66,1
DA:67,1
DA:68,1
DA:69,1
DA:70,1
DA:71,1
DA:72,1
DA:73,1
DA:74,1
DA:75,1
DA:76,1
DA:77,1
DA:78,1
DA:79,1
DA:80,1
DA:81,1
DA:82,1
DA:83,1
DA:84,1
DA:85,1
DA:86,1
DA:87,1
DA:88,1
DA:89,1
DA:90,1
DA:91,1
DA:92,1
DA:93,1
DA:94,1
DA:95,1
DA:96,1
DA:97,1
DA:98,1
DA:99,1
DA:100,1
DA:101,1
DA:102,1
DA:103,1
DA:104,1
DA:105,1
DA:106,1
DA:107,1
DA:108,1
DA:109,1
DA:110,1
DA:111,1
DA:112,1
DA:113,1
DA:114,1
DA:115,1
DA:116,1
DA:117,1
DA:118,1
DA:119,1
DA:120,1
DA:121,1
DA:122,1
DA:123,1
DA:124,1
DA:125,1
DA:126,1
DA:127,1
DA:128,1
DA:129,1
DA:130,1
DA:131,1
DA:132,1
DA:133,1
DA:134,1
DA:135,1
DA:136,1
DA:137,1
DA:138,1
DA:139,1
DA:140,1
DA:141,1
DA:142,1
DA:143,1
DA:144,1
DA:145,1
DA:146,1
DA:147,1
DA:148,1
DA:149,1
DA:150,1
DA:151,1
DA:152,1
DA:153,1
DA:154,1
DA:155,1
DA:156,1
DA:157,1
DA:158,1
DA:159,1
DA:160,1
DA:161,1
DA:162,1
DA:163,1
DA:164,1
DA:165,1
DA:166,1
DA:167,1
DA:168,1
DA:169,1
DA:170,1
DA:171,1
DA:172,1
DA:173,1
DA:174,1
DA:175,1
DA:176,1
DA:177,1
DA:178,1
DA:179,1
DA:180,1
LF:180
LH:180
BRF:0
BRH:0
end_of_record
TN:
SF:server/migrations/20200716171734_create_users_table.js
FN:3,up
FN:15,down
FNF:2
FNH:1
FNDA:6,up
FNDA:0,down
DA:1,1
DA:2,1
DA:3,1
DA:4,6
DA:5,6
DA:6,6
DA:7,6
DA:8,6
DA:9,6
DA:10,6
DA:11,6
DA:12,6
DA:13,1
DA:14,1
DA:15,1
LF:15
LH:15
BRDA:3,0,0,6
BRDA:4,1,0,6
BRF:2
BRH:2
end_of_record
TN:
SF:server/migrations/20230526101339_create_tasks_table.js
FN:3,up
FN:15,down
FNF:2
FNH:1
FNDA:6,up
FNDA:0,down
DA:1,1
DA:2,1
DA:3,1
DA:4,6
DA:5,6
DA:6,6
DA:7,6
DA:8,6
DA:9,6
DA:10,6
DA:11,6
DA:12,6
DA:13,1
DA:14,1
DA:15,1
LF:15
LH:15
BRDA:3,0,0,6
BRDA:4,1,0,6
BRF:2
BRH:2
end_of_record
TN:
SF:server/migrations/20230526101449_create_statuses_table.js
FN:3,up
FN:11,down
FNF:2
FNH:1
FNDA:6,up
FNDA:0,down
DA:1,1
DA:2,1
DA:3,1
DA:4,6
DA:5,6
DA:6,6
DA:7,6
DA:8,6
DA:9,1
DA:10,1
DA:11,1
LF:11
LH:11
BRDA:3,0,0,6
BRDA:4,1,0,6
BRF:2
BRH:2
end_of_record
TN:
SF:server/migrations/20230531073554_create_labels_table.js
FN:3,up
FN:11,down
FNF:2
FNH:1
FNDA:6,up
FNDA:0,down
DA:1,1
DA:2,1
DA:3,1
DA:4,6
DA:5,6
DA:6,6
DA:7,6
DA:8,6
DA:9,1
DA:10,1
DA:11,1
LF:11
LH:11
BRDA:3,0,0,6
BRDA:4,1,0,6
BRF:2
BRH:2
end_of_record
TN:
SF:server/migrations/20230531161546_create_tasks_labels_table.js
FN:3,up
FN:10,down
FNF:2
FNH:1
FNDA:6,up
FNDA:0,down
DA:1,1
DA:2,1
DA:3,1
DA:4,6
DA:5,6
DA:6,6
DA:7,6
DA:8,1
DA:9,1
DA:10,1
LF:10
LH:10
BRDA:3,0,0,6
BRDA:4,1,0,6
BRF:2
BRH:2
end_of_record
TN:
SF:server/models/BaseModel.cjs
FN:1,Object.<anonymous>
FN:6,get modelPaths
FNF:2
FNH:2
FNDA:7,Object.<anonymous>
FNDA:11,get modelPaths
DA:1,7
DA:2,7
DA:3,7
DA:4,7
DA:5,7
DA:6,7
DA:7,11
DA:8,11
DA:9,7
LF:9
LH:9
BRDA:1,0,0,7
BRDA:1,1,0,7
BRDA:6,2,0,11
BRF:3
BRH:3
end_of_record
TN:
SF:server/models/Label.cjs
FN:1,Object.<anonymous>
FN:9,get tableName
FN:13,get jsonSchema
FN:24,get relationMappings
FNF:4
FNH:4
FNDA:7,Object.<anonymous>
FNDA:126,get tableName
FNDA:3,get jsonSchema
FNDA:1,get relationMappings
DA:1,7
DA:2,7
DA:3,7
DA:4,7
DA:5,7
DA:6,7
DA:7,7
DA:8,7
DA:9,7
DA:10,126
DA:11,126
DA:12,7
DA:13,7
DA:14,3
DA:15,3
DA:16,3
DA:17,3
DA:18,3
DA:19,3
DA:20,3
DA:21,3
DA:22,3
DA:23,7
DA:24,7
DA:25,1
DA:26,1
DA:27,1
DA:28,1
DA:29,1
DA:30,1
DA:31,1
DA:32,1
DA:33,1
DA:34,1
DA:35,1
DA:36,1
DA:37,1
DA:38,1
DA:39,1
DA:40,7
LF:40
LH:40
BRDA:1,0,0,7
BRDA:1,1,0,7
BRDA:9,2,0,126
BRDA:13,3,0,3
BRDA:24,4,0,1
BRF:5
BRH:5
end_of_record
TN:
SF:server/models/Status.cjs
FN:1,Object.<anonymous>
FN:9,get tableName
FN:13,get jsonSchema
FN:24,get relationMappings
FNF:4
FNH:4
FNDA:7,Object.<anonymous>
FNDA:127,get tableName
FNDA:3,get jsonSchema
FNDA:1,get relationMappings
DA:1,7
DA:2,7
DA:3,7
DA:4,7
DA:5,7
DA:6,7
DA:7,7
DA:8,7
DA:9,7
DA:10,127
DA:11,127
DA:12,7
DA:13,7
DA:14,3
DA:15,3
DA:16,3
DA:17,3
DA:18,3
DA:19,3
DA:20,3
DA:21,3
DA:22,3
DA:23,7
DA:24,7
DA:25,1
DA:26,1
DA:27,1
DA:28,1
DA:29,1
DA:30,1
DA:31,1
DA:32,1
DA:33,1
DA:34,1
DA:35,1
DA:36,7
LF:36
LH:36
BRDA:1,0,0,7
BRDA:1,1,0,7
BRDA:9,2,0,127
BRDA:13,3,0,3
BRDA:24,4,0,1
BRF:5
BRH:5
end_of_record
TN:
SF:server/models/Task.cjs
FN:1,Object.<anonymous>
FN:9,get tableName
FN:13,<static_initializer>
FN:14,filterStatus
FN:17,filterExecutor
FN:20,filterLabel
FN:23,filterAuthor
FN:28,get jsonSchema
FN:43,get relationMappings
FNF:9
FNH:8
FNDA:7,Object.<anonymous>
FNDA:196,get tableName
FNDA:7,<static_initializer>
FNDA:3,filterStatus
FNDA:3,filterExecutor
FNDA:3,filterLabel
FNDA:0,filterAuthor
FNDA:5,get jsonSchema
FNDA:2,get relationMappings
DA:1,7
DA:2,7
DA:3,7
DA:4,7
DA:5,7
DA:6,7
DA:7,7
DA:8,7
DA:9,7
DA:10,196
DA:11,196
DA:12,7
DA:13,7
DA:14,7
DA:15,3
DA:16,7
DA:17,7
DA:18,3
DA:19,7
DA:20,7
DA:21,3
DA:22,7
DA:23,7
DA:24,0
DA:25,7
DA:26,7
DA:27,7
DA:28,7
DA:29,5
DA:30,5
DA:31,5
DA:32,5
DA:33,5
DA:34,5
DA:35,5
DA:36,5
DA:37,5
DA:38,5
DA:39,5
DA:40,5
DA:41,5
DA:42,7
DA:43,7
DA:44,2
DA:45,2
DA:46,2
DA:47,2
DA:48,2
DA:49,2
DA:50,2
DA:51,2
DA:52,2
DA:53,2
DA:54,2
DA:55,2
DA:56,2
DA:57,2
DA:58,2
DA:59,2
DA:60,2
DA:61,2
DA:62,2
DA:63,2
DA:64,2
DA:65,2
DA:66,2
DA:67,2
DA:68,2
DA:69,2
DA:70,2
DA:71,2
DA:72,2
DA:73,2
DA:74,2
DA:75,2
DA:76,2
DA:77,2
DA:78,2
DA:79,2
DA:80,2
DA:81,2
DA:82,2
DA:83,7
LF:83
LH:82
BRDA:1,0,0,7
BRDA:1,1,0,7
BRDA:9,2,0,196
BRDA:13,3,0,7
BRDA:14,4,0,3
BRDA:17,5,0,3
BRDA:20,6,0,3
BRDA:28,7,0,5
BRDA:43,8,0,2
BRF:9
BRH:9
end_of_record
TN:
SF:server/models/User.cjs
FN:1,Object.<anonymous>
FN:10,get tableName
FN:14,get jsonSchema
FN:28,get relationMappings
FN:41,set password
FN:45,verifyPassword
FNF:6
FNH:6
FNDA:7,Object.<anonymous>
FNDA:330,get tableName
FNDA:6,get jsonSchema
FNDA:1,get relationMappings
FNDA:3,set password
FNDA:20,verifyPassword
DA:1,7
DA:2,7
DA:3,7
DA:4,7
DA:5,7
DA:6,7
DA:7,7
DA:8,7
DA:9,7
DA:10,7
DA:11,330
DA:12,330
DA:13,7
DA:14,7
DA:15,6
DA:16,6
DA:17,6
DA:18,6
DA:19,6
DA:20,6
DA:21,6
DA:22,6
DA:23,6
DA:24,6
DA:25,6
DA:26,6
DA:27,7
DA:28,7
DA:29,1
DA:30,1
DA:31,1
DA:32,1
DA:33,1
DA:34,1
DA:35,1
DA:36,1
DA:37,1
DA:38,1
DA:39,1
DA:40,7
DA:41,7
DA:42,3
DA:43,3
DA:44,7
DA:45,7
DA:46,20
DA:47,20
DA:48,7
LF:48
LH:48
BRDA:1,0,0,7
BRDA:1,1,0,7
BRDA:10,2,0,330
BRDA:14,3,0,6
BRDA:28,4,0,1
BRDA:41,5,0,3
BRDA:45,6,0,20
BRF:7
BRH:7
end_of_record
TN:
SF:server/models/index.js
FNF:0
FNH:0
DA:1,1
DA:2,1
DA:3,1
DA:4,1
DA:5,1
DA:6,1
DA:7,1
DA:8,1
DA:9,1
DA:10,1
DA:11,1
DA:12,1
DA:13,1
LF:13
LH:13
BRF:0
BRH:0
end_of_record
TN:
SF:server/routes/index.js
FN:19,default
FNF:1
FNH:1
FNDA:7,default
DA:1,1
DA:2,1
DA:3,1
DA:4,1
DA:5,1
DA:6,1
DA:7,1
DA:8,1
DA:9,1
DA:10,1
DA:11,1
DA:12,1
DA:13,1
DA:14,1
DA:15,1
DA:16,1
DA:17,1
DA:18,1
DA:19,1
LF:19
LH:19
BRDA:19,0,0,7
BRDA:19,1,0,42
BRF:2
BRH:2
end_of_record
TN:
SF:server/routes/labels.js
FN:5,default
FNF:1
FNH:1
FNDA:7,default
DA:1,1
DA:2,1
DA:3,1
DA:4,1
DA:5,1
DA:6,7
DA:7,7
DA:8,1
DA:9,1
DA:10,1
DA:11,1
DA:12,7
DA:13,1
DA:14,1
DA:15,1
DA:16,1
DA:17,7
DA:18,1
DA:19,1
DA:20,1
DA:21,1
DA:22,1
DA:23,1
DA:24,1
DA:25,1
DA:26,1
DA:27,0
DA:28,0
DA:29,0
DA:30,1
DA:31,1
DA:32,1
DA:33,7
DA:34,0
DA:35,0
DA:36,0
DA:37,0
DA:38,0
DA:39,0
DA:40,7
DA:41,1
DA:42,1
DA:43,1
DA:44,1
DA:45,1
DA:46,1
DA:47,1
DA:48,1
DA:49,1
DA:50,0
DA:51,0
DA:52,0
DA:53,1
DA:54,1
DA:55,1
DA:56,7
DA:57,1
DA:58,1
DA:59,1
DA:60,1
DA:61,1
DA:62,0
DA:63,0
DA:64,0
DA:65,1
DA:66,1
DA:67,1
DA:68,1
DA:69,0
DA:70,0
DA:71,1
DA:72,1
DA:73,1
DA:74,1
DA:75,7
LF:75
LH:58
BRDA:5,0,0,7
BRDA:7,1,0,1
BRDA:12,2,0,1
BRDA:17,3,0,1
BRDA:26,4,0,0
BRDA:40,5,0,1
BRDA:49,6,0,0
BRDA:56,7,0,1
BRDA:61,8,0,0
BRDA:68,9,0,0
BRF:10
BRH:6
end_of_record
TN:
SF:server/routes/session.js
FN:5,default
FNF:1
FNH:1
FNDA:7,default
DA:1,1
DA:2,1
DA:3,1
DA:4,1
DA:5,1
DA:6,7
DA:7,7
DA:8,1
DA:9,1
DA:10,1
DA:11,7
DA:12,20
DA:13,0
DA:14,0
DA:15,20
DA:16,0
DA:17,0
DA:18,0
DA:19,0
DA:20,0
DA:21,0
DA:22,0
DA:23,20
DA:24,20
DA:25,20
DA:26,20
DA:27,20
DA:28,7
DA:29,1
DA:30,1
DA:31,1
DA:32,1
DA:33,7
LF:33
LH:24
BRDA:5,0,0,7
BRDA:7,1,0,1
BRDA:11,2,0,20
BRDA:12,3,0,0
BRDA:15,4,0,0
BRDA:28,5,0,1
BRF:6
BRH:4
end_of_record
TN:
SF:server/routes/statuses.js
FN:5,default
FNF:1
FNH:1
FNDA:7,default
DA:1,1
DA:2,1
DA:3,1
DA:4,1
DA:5,1
DA:6,7
DA:7,7
DA:8,1
DA:9,1
DA:10,1
DA:11,1
DA:12,7
DA:13,1
DA:14,1
DA:15,1
DA:16,7
DA:17,1
DA:18,1
DA:19,1
DA:20,1
DA:21,1
DA:22,1
DA:23,1
DA:24,1
DA:25,1
DA:26,0
DA:27,0
DA:28,0
DA:29,1
DA:30,1
DA:31,1
DA:32,7
DA:33,0
DA:34,0
DA:35,0
DA:36,0
DA:37,0
DA:38,0
DA:39,7
DA:40,1
DA:41,1
DA:42,1
DA:43,1
DA:44,1
DA:45,1
DA:46,1
DA:47,1
DA:48,1
DA:49,0
DA:50,0
DA:51,0
DA:52,1
DA:53,1
DA:54,1
DA:55,7
DA:56,1
DA:57,1
DA:58,1
DA:59,1
DA:60,1
DA:61,0
DA:62,0
DA:63,0
DA:64,1
DA:65,1
DA:66,1
DA:67,1
DA:68,0
DA:69,0
DA:70,1
DA:71,1
DA:72,1
DA:73,1
DA:74,7
LF:74
LH:57
BRDA:5,0,0,7
BRDA:7,1,0,1
BRDA:12,2,0,1
BRDA:16,3,0,1
BRDA:25,4,0,0
BRDA:39,5,0,1
BRDA:48,6,0,0
BRDA:55,7,0,1
BRDA:60,8,0,0
BRDA:67,9,0,0
BRF:10
BRH:6
end_of_record
TN:
SF:server/routes/tasks.js
FN:3,default
FNF:1
FNH:1
FNDA:7,default
DA:1,1
DA:2,1
DA:3,1
DA:4,7
DA:5,7
DA:6,3
DA:7,3
DA:8,3
DA:9,3
DA:10,3
DA:11,3
DA:12,3
DA:13,3
DA:14,3
DA:15,3
DA:16,0
DA:17,0
DA:18,3
DA:19,3
DA:20,3
DA:21,3
DA:22,3
DA:23,3
DA:24,3
DA:25,3
DA:26,3
DA:27,3
DA:28,3
DA:29,3
DA:30,3
DA:31,3
DA:32,3
DA:33,3
DA:34,7
DA:35,1
DA:36,1
DA:37,1
DA:38,1
DA:39,1
DA:40,1
DA:41,1
DA:42,1
DA:43,1
DA:44,1
DA:45,1
DA:46,7
DA:47,1
DA:48,1
DA:49,1
DA:50,1
DA:51,1
DA:52,1
DA:53,1
DA:54,1
DA:55,1
DA:56,1
DA:57,1
DA:58,1
DA:59,1
DA:60,1
DA:61,1
DA:62,1
DA:63,1
DA:64,1
DA:65,1
DA:66,1
DA:67,1
DA:68,1
DA:69,1
DA:70,1
DA:71,1
DA:72,1
DA:73,1
DA:74,0
DA:75,0
DA:76,0
DA:77,0
DA:78,0
DA:79,0
DA:80,0
DA:81,0
DA:82,0
DA:83,0
DA:84,1
DA:85,1
DA:86,1
DA:87,7
DA:88,1
DA:89,1
DA:90,1
DA:91,1
DA:92,0
DA:93,0
DA:94,0
DA:95,1
DA:96,1
DA:97,1
DA:98,1
DA:99,1
DA:100,1
DA:101,0
DA:102,0
DA:103,1
DA:104,1
DA:105,1
DA:106,7
DA:107,0
DA:108,0
DA:109,0
DA:110,0
DA:111,0
DA:112,0
DA:113,7
DA:114,0
DA:115,0
DA:116,0
DA:117,0
DA:118,0
DA:119,0
DA:120,0
DA:121,0
DA:122,0
DA:123,0
DA:124,0
DA:125,0
DA:126,0
DA:127,0
DA:128,0
DA:129,0
DA:130,7
DA:131,1
DA:132,1
DA:133,1
DA:134,1
DA:135,1
DA:136,1
DA:137,1
DA:138,1
DA:139,1
DA:140,1
DA:141,1
DA:142,1
DA:143,1
DA:144,1
DA:145,1
DA:146,1
DA:147,1
DA:148,1
DA:149,1
DA:150,1
DA:151,1
DA:152,1
DA:153,1
DA:154,1
DA:155,1
DA:156,1
DA:157,1
DA:158,1
DA:159,1
DA:160,1
DA:161,1
DA:162,1
DA:163,0
DA:164,0
DA:165,0
DA:166,0
DA:167,0
DA:168,0
DA:169,0
DA:170,0
DA:171,0
DA:172,0
DA:173,1
DA:174,1
DA:175,1
DA:176,7
LF:176
LH:127
BRDA:3,0,0,7
BRDA:5,1,0,3
BRDA:12,2,0,2
BRDA:15,3,0,0
BRDA:34,4,0,1
BRDA:46,5,0,1
BRDA:73,6,0,0
BRDA:63,7,0,1
BRDA:87,8,0,1
BRDA:91,9,0,0
BRDA:100,10,0,0
BRDA:96,11,0,1
BRDA:130,12,0,1
BRDA:162,13,0,0
BRDA:150,14,0,1
BRF:15
BRH:10
end_of_record
TN:
SF:server/routes/users.js
FN:5,default
FNF:1
FNH:1
FNDA:7,default
DA:1,1
DA:2,1
DA:3,1
DA:4,1
DA:5,1
DA:6,7
DA:7,7
DA:8,1
DA:9,1
DA:10,1
DA:11,1
DA:12,7
DA:13,1
DA:14,1
DA:15,1
DA:16,7
DA:17,1
DA:18,1
DA:19,1
DA:20,1
DA:21,1
DA:22,1
DA:23,1
DA:24,1
DA:25,1
DA:26,0
DA:27,0
DA:28,0
DA:29,1
DA:30,1
DA:31,1
DA:32,7
DA:33,1
DA:34,1
DA:35,0
DA:36,0
DA:37,0
DA:38,1
DA:39,1
DA:40,1
DA:41,0
DA:42,0
DA:43,0
DA:44,1
DA:45,1
DA:46,1
DA:47,1
DA:48,1
DA:49,0
DA:50,0
DA:51,1
DA:52,1
DA:53,1
DA:54,7
DA:55,0
DA:56,0
DA:57,0
DA:58,0
DA:59,0
DA:60,0
DA:61,0
DA:62,0
DA:63,0
DA:64,0
DA:65,7
DA:66,1
DA:67,1
DA:68,1
DA:69,1
DA:70,1
DA:71,1
DA:72,1
DA:73,1
DA:74,1
DA:75,0
DA:76,0
DA:77,0
DA:78,1
DA:79,1
DA:80,1
DA:81,7
LF:81
LH:57
BRDA:5,0,0,7
BRDA:7,1,0,1
BRDA:12,2,0,1
BRDA:16,3,0,1
BRDA:25,4,0,0
BRDA:32,5,0,1
BRDA:34,6,0,0
BRDA:40,7,0,0
BRDA:48,8,0,0
BRDA:65,9,0,1
BRDA:74,10,0,0
BRF:11
BRH:6
end_of_record
TN:
SF:server/routes/welcome.js
FN:3,default
FNF:1
FNH:1
FNDA:7,default
DA:1,1
DA:2,1
DA:3,1
DA:4,7
DA:5,7
DA:6,1
DA:7,1
DA:8,7
DA:9,0
DA:10,0
DA:11,7
LF:11
LH:9
BRDA:3,0,0,7
BRDA:5,1,0,1
BRF:2
BRH:2
end_of_record
